<?xml version="1.0" encoding="UTF-8"?>
<testsuite xmlns:xsi="http://www.w3.org/2001/XMLSchema-instance" xsi:noNamespaceSchemaLocation="https://maven.apache.org/surefire/maven-surefire-plugin/xsd/surefire-test-report.xsd" name="org.fuwuB.AppTest" time="0.008" tests="1" errors="0" skipped="0" failures="0">
  <properties>
    <property name="sun.desktop" value="windows"/>
    <property name="awt.toolkit" value="sun.awt.windows.WToolkit"/>
    <property name="file.encoding.pkg" value="sun.io"/>
    <property name="java.specification.version" value="1.8"/>
    <property name="sun.cpu.isalist" value="pentium_pro+mmx pentium_pro pentium+mmx pentium i486 i386 i86"/>
    <property name="sun.jnu.encoding" value="GBK"/>
    <property name="java.class.path" value="E:\eclipseWork\weixin\wenxin\fuwuB\target\test-classes;E:\eclipseWork\weixin\wenxin\fuwuB\target\classes;E:\localRepository\org\springframework\boot\spring-boot-devtools\2.0.4.RELEASE\spring-boot-devtools-2.0.4.RELEASE.jar;E:\localRepository\org\springframework\boot\spring-boot\2.0.4.RELEASE\spring-boot-2.0.4.RELEASE.jar;E:\localRepository\org\springframework\boot\spring-boot-autoconfigure\2.0.4.RELEASE\spring-boot-autoconfigure-2.0.4.RELEASE.jar;E:\localRepository\junit\junit\3.8.1\junit-3.8.1.jar;E:\localRepository\org\springframework\boot\spring-boot-starter-tomcat\2.0.4.RELEASE\spring-boot-starter-tomcat-2.0.4.RELEASE.jar;E:\localRepository\javax\annotation\javax.annotation-api\1.3.2\javax.annotation-api-1.3.2.jar;E:\localRepository\org\apache\tomcat\embed\tomcat-embed-core\8.5.32\tomcat-embed-core-8.5.32.jar;E:\localRepository\org\apache\tomcat\embed\tomcat-embed-el\8.5.32\tomcat-embed-el-8.5.32.jar;E:\localRepository\org\apache\tomcat\embed\tomcat-embed-websocket\8.5.32\tomcat-embed-websocket-8.5.32.jar;E:\localRepository\org\springframework\cloud\spring-cloud-starter-netflix-eureka-client\2.0.1.RELEASE\spring-cloud-starter-netflix-eureka-client-2.0.1.RELEASE.jar;E:\localRepository\org\springframework\cloud\spring-cloud-starter\2.0.1.RELEASE\spring-cloud-starter-2.0.1.RELEASE.jar;E:\localRepository\org\springframework\cloud\spring-cloud-context\2.0.1.RELEASE\spring-cloud-context-2.0.1.RELEASE.jar;E:\localRepository\org\springframework\security\spring-security-rsa\1.0.5.RELEASE\spring-security-rsa-1.0.5.RELEASE.jar;E:\localRepository\org\bouncycastle\bcpkix-jdk15on\1.56\bcpkix-jdk15on-1.56.jar;E:\localRepository\org\bouncycastle\bcprov-jdk15on\1.56\bcprov-jdk15on-1.56.jar;E:\localRepository\org\springframework\cloud\spring-cloud-netflix-core\2.0.1.RELEASE\spring-cloud-netflix-core-2.0.1.RELEASE.jar;E:\localRepository\org\springframework\cloud\spring-cloud-netflix-eureka-client\2.0.1.RELEASE\spring-cloud-netflix-eureka-client-2.0.1.RELEASE.jar;E:\localRepository\com\netflix\eureka\eureka-client\1.9.3\eureka-client-1.9.3.jar;E:\localRepository\org\codehaus\jettison\jettison\1.3.7\jettison-1.3.7.jar;E:\localRepository\stax\stax-api\1.0.1\stax-api-1.0.1.jar;E:\localRepository\com\netflix\netflix-commons\netflix-eventbus\0.3.0\netflix-eventbus-0.3.0.jar;E:\localRepository\com\netflix\netflix-commons\netflix-infix\0.3.0\netflix-infix-0.3.0.jar;E:\localRepository\commons-jxpath\commons-jxpath\1.3\commons-jxpath-1.3.jar;E:\localRepository\joda-time\joda-time\2.9.9\joda-time-2.9.9.jar;E:\localRepository\org\antlr\antlr-runtime\3.4\antlr-runtime-3.4.jar;E:\localRepository\org\antlr\stringtemplate\3.2.1\stringtemplate-3.2.1.jar;E:\localRepository\antlr\antlr\2.7.7\antlr-2.7.7.jar;E:\localRepository\com\google\code\gson\gson\2.8.5\gson-2.8.5.jar;E:\localRepository\org\apache\commons\commons-math\2.2\commons-math-2.2.jar;E:\localRepository\com\netflix\archaius\archaius-core\0.7.6\archaius-core-0.7.6.jar;E:\localRepository\javax\ws\rs\jsr311-api\1.1.1\jsr311-api-1.1.1.jar;E:\localRepository\com\netflix\servo\servo-core\0.12.21\servo-core-0.12.21.jar;E:\localRepository\com\sun\jersey\jersey-core\1.19.1\jersey-core-1.19.1.jar;E:\localRepository\com\sun\jersey\jersey-client\1.19.1\jersey-client-1.19.1.jar;E:\localRepository\com\sun\jersey\contribs\jersey-apache-client4\1.19.1\jersey-apache-client4-1.19.1.jar;E:\localRepository\com\google\inject\guice\4.1.0\guice-4.1.0.jar;E:\localRepository\aopalliance\aopalliance\1.0\aopalliance-1.0.jar;E:\localRepository\com\github\vlsi\compactmap\compactmap\1.2.1\compactmap-1.2.1.jar;E:\localRepository\com\github\andrewoma\dexx\dexx-collections\0.2\dexx-collections-0.2.jar;E:\localRepository\com\fasterxml\jackson\core\jackson-annotations\2.9.0\jackson-annotations-2.9.0.jar;E:\localRepository\com\fasterxml\jackson\core\jackson-core\2.9.6\jackson-core-2.9.6.jar;E:\localRepository\com\netflix\eureka\eureka-core\1.9.3\eureka-core-1.9.3.jar;E:\localRepository\org\codehaus\woodstox\woodstox-core-asl\4.4.1\woodstox-core-asl-4.4.1.jar;E:\localRepository\javax\xml\stream\stax-api\1.0-2\stax-api-1.0-2.jar;E:\localRepository\org\codehaus\woodstox\stax2-api\3.1.4\stax2-api-3.1.4.jar;E:\localRepository\org\springframework\cloud\spring-cloud-starter-netflix-archaius\2.0.1.RELEASE\spring-cloud-starter-netflix-archaius-2.0.1.RELEASE.jar;E:\localRepository\org\springframework\cloud\spring-cloud-netflix-archaius\2.0.1.RELEASE\spring-cloud-netflix-archaius-2.0.1.RELEASE.jar;E:\localRepository\commons-configuration\commons-configuration\1.8\commons-configuration-1.8.jar;E:\localRepository\com\netflix\ribbon\ribbon-eureka\2.2.5\ribbon-eureka-2.2.5.jar;E:\localRepository\org\slf4j\slf4j-api\1.7.25\slf4j-api-1.7.25.jar;E:\localRepository\com\thoughtworks\xstream\xstream\1.4.10\xstream-1.4.10.jar;E:\localRepository\xmlpull\xmlpull\1.1.3.1\xmlpull-1.1.3.1.jar;E:\localRepository\xpp3\xpp3_min\1.1.4c\xpp3_min-1.1.4c.jar;E:\localRepository\org\springframework\boot\spring-boot-starter-actuator\2.0.4.RELEASE\spring-boot-starter-actuator-2.0.4.RELEASE.jar;E:\localRepository\org\springframework\boot\spring-boot-starter\2.0.4.RELEASE\spring-boot-starter-2.0.4.RELEASE.jar;E:\localRepository\org\springframework\boot\spring-boot-starter-logging\2.0.4.RELEASE\spring-boot-starter-logging-2.0.4.RELEASE.jar;E:\localRepository\ch\qos\logback\logback-classic\1.2.3\logback-classic-1.2.3.jar;E:\localRepository\ch\qos\logback\logback-core\1.2.3\logback-core-1.2.3.jar;E:\localRepository\org\apache\logging\log4j\log4j-to-slf4j\2.10.0\log4j-to-slf4j-2.10.0.jar;E:\localRepository\org\apache\logging\log4j\log4j-api\2.10.0\log4j-api-2.10.0.jar;E:\localRepository\org\slf4j\jul-to-slf4j\1.7.25\jul-to-slf4j-1.7.25.jar;E:\localRepository\org\yaml\snakeyaml\1.19\snakeyaml-1.19.jar;E:\localRepository\org\springframework\boot\spring-boot-actuator-autoconfigure\2.0.4.RELEASE\spring-boot-actuator-autoconfigure-2.0.4.RELEASE.jar;E:\localRepository\org\springframework\boot\spring-boot-actuator\2.0.4.RELEASE\spring-boot-actuator-2.0.4.RELEASE.jar;E:\localRepository\com\fasterxml\jackson\datatype\jackson-datatype-jsr310\2.9.6\jackson-datatype-jsr310-2.9.6.jar;E:\localRepository\io\micrometer\micrometer-core\1.0.6\micrometer-core-1.0.6.jar;E:\localRepository\org\hdrhistogram\HdrHistogram\2.1.10\HdrHistogram-2.1.10.jar;E:\localRepository\org\latencyutils\LatencyUtils\2.0.3\LatencyUtils-2.0.3.jar;E:\localRepository\org\springframework\cloud\spring-cloud-starter-netflix-ribbon\2.0.1.RELEASE\spring-cloud-starter-netflix-ribbon-2.0.1.RELEASE.jar;E:\localRepository\org\springframework\cloud\spring-cloud-netflix-ribbon\2.0.1.RELEASE\spring-cloud-netflix-ribbon-2.0.1.RELEASE.jar;E:\localRepository\com\netflix\ribbon\ribbon\2.2.5\ribbon-2.2.5.jar;E:\localRepository\com\netflix\ribbon\ribbon-transport\2.2.5\ribbon-transport-2.2.5.jar;E:\localRepository\io\reactivex\rxnetty-contexts\0.4.9\rxnetty-contexts-0.4.9.jar;E:\localRepository\io\reactivex\rxnetty-servo\0.4.9\rxnetty-servo-0.4.9.jar;E:\localRepository\javax\inject\javax.inject\1\javax.inject-1.jar;E:\localRepository\io\reactivex\rxnetty\0.4.9\rxnetty-0.4.9.jar;E:\localRepository\io\netty\netty-codec-http\4.1.27.Final\netty-codec-http-4.1.27.Final.jar;E:\localRepository\io\netty\netty-codec\4.1.27.Final\netty-codec-4.1.27.Final.jar;E:\localRepository\io\netty\netty-transport-native-epoll\4.1.27.Final\netty-transport-native-epoll-4.1.27.Final.jar;E:\localRepository\io\netty\netty-buffer\4.1.27.Final\netty-buffer-4.1.27.Final.jar;E:\localRepository\io\netty\netty-transport-native-unix-common\4.1.27.Final\netty-transport-native-unix-common-4.1.27.Final.jar;E:\localRepository\com\google\guava\guava\16.0.1\guava-16.0.1.jar;E:\localRepository\com\netflix\ribbon\ribbon-core\2.2.5\ribbon-core-2.2.5.jar;E:\localRepository\com\netflix\ribbon\ribbon-httpclient\2.2.5\ribbon-httpclient-2.2.5.jar;E:\localRepository\commons-collections\commons-collections\3.2.2\commons-collections-3.2.2.jar;E:\localRepository\com\netflix\netflix-commons\netflix-commons-util\0.3.0\netflix-commons-util-0.3.0.jar;E:\localRepository\com\netflix\ribbon\ribbon-loadbalancer\2.2.5\ribbon-loadbalancer-2.2.5.jar;E:\localRepository\com\netflix\netflix-commons\netflix-statistics\0.1.1\netflix-statistics-0.1.1.jar;E:\localRepository\io\reactivex\rxjava\1.3.8\rxjava-1.3.8.jar;E:\localRepository\org\springframework\cloud\spring-cloud-starter-netflix-hystrix\2.0.1.RELEASE\spring-cloud-starter-netflix-hystrix-2.0.1.RELEASE.jar;E:\localRepository\com\netflix\hystrix\hystrix-core\1.5.12\hystrix-core-1.5.12.jar;E:\localRepository\com\netflix\hystrix\hystrix-serialization\1.5.12\hystrix-serialization-1.5.12.jar;E:\localRepository\com\fasterxml\jackson\module\jackson-module-afterburner\2.9.6\jackson-module-afterburner-2.9.6.jar;E:\localRepository\com\netflix\hystrix\hystrix-metrics-event-stream\1.5.12\hystrix-metrics-event-stream-1.5.12.jar;E:\localRepository\com\netflix\hystrix\hystrix-javanica\1.5.12\hystrix-javanica-1.5.12.jar;E:\localRepository\org\apache\commons\commons-lang3\3.7\commons-lang3-3.7.jar;E:\localRepository\org\ow2\asm\asm\5.0.4\asm-5.0.4.jar;E:\localRepository\org\aspectj\aspectjweaver\1.8.13\aspectjweaver-1.8.13.jar;E:\localRepository\io\reactivex\rxjava-reactive-streams\1.2.1\rxjava-reactive-streams-1.2.1.jar;E:\localRepository\org\reactivestreams\reactive-streams\1.0.2\reactive-streams-1.0.2.jar;E:\localRepository\org\springframework\cloud\spring-cloud-starter-openfeign\2.0.1.RELEASE\spring-cloud-starter-openfeign-2.0.1.RELEASE.jar;E:\localRepository\org\springframework\cloud\spring-cloud-openfeign-core\2.0.1.RELEASE\spring-cloud-openfeign-core-2.0.1.RELEASE.jar;E:\localRepository\org\springframework\spring-web\5.0.8.RELEASE\spring-web-5.0.8.RELEASE.jar;E:\localRepository\org\springframework\cloud\spring-cloud-commons\2.0.1.RELEASE\spring-cloud-commons-2.0.1.RELEASE.jar;E:\localRepository\org\springframework\security\spring-security-crypto\5.0.7.RELEASE\spring-security-crypto-5.0.7.RELEASE.jar;E:\localRepository\io\github\openfeign\feign-core\9.5.1\feign-core-9.5.1.jar;E:\localRepository\io\github\openfeign\feign-slf4j\9.5.1\feign-slf4j-9.5.1.jar;E:\localRepository\io\github\openfeign\feign-hystrix\9.5.1\feign-hystrix-9.5.1.jar;E:\localRepository\io\github\openfeign\feign-java8\9.5.1\feign-java8-9.5.1.jar;E:\localRepository\org\springframework\boot\spring-boot-starter-test\2.0.4.RELEASE\spring-boot-starter-test-2.0.4.RELEASE.jar;E:\localRepository\org\springframework\boot\spring-boot-test\2.0.4.RELEASE\spring-boot-test-2.0.4.RELEASE.jar;E:\localRepository\org\springframework\boot\spring-boot-test-autoconfigure\2.0.4.RELEASE\spring-boot-test-autoconfigure-2.0.4.RELEASE.jar;E:\localRepository\com\jayway\jsonpath\json-path\2.4.0\json-path-2.4.0.jar;E:\localRepository\net\minidev\json-smart\2.3\json-smart-2.3.jar;E:\localRepository\net\minidev\accessors-smart\1.2\accessors-smart-1.2.jar;E:\localRepository\org\assertj\assertj-core\3.9.1\assertj-core-3.9.1.jar;E:\localRepository\org\mockito\mockito-core\2.15.0\mockito-core-2.15.0.jar;E:\localRepository\net\bytebuddy\byte-buddy\1.7.11\byte-buddy-1.7.11.jar;E:\localRepository\net\bytebuddy\byte-buddy-agent\1.7.11\byte-buddy-agent-1.7.11.jar;E:\localRepository\org\objenesis\objenesis\2.6\objenesis-2.6.jar;E:\localRepository\org\hamcrest\hamcrest-core\1.3\hamcrest-core-1.3.jar;E:\localRepository\org\hamcrest\hamcrest-library\1.3\hamcrest-library-1.3.jar;E:\localRepository\org\skyscreamer\jsonassert\1.5.0\jsonassert-1.5.0.jar;E:\localRepository\com\vaadin\external\google\android-json\0.0.20131108.vaadin1\android-json-0.0.20131108.vaadin1.jar;E:\localRepository\org\springframework\spring-core\5.0.8.RELEASE\spring-core-5.0.8.RELEASE.jar;E:\localRepository\org\springframework\spring-jcl\5.0.8.RELEASE\spring-jcl-5.0.8.RELEASE.jar;E:\localRepository\org\springframework\spring-test\5.0.8.RELEASE\spring-test-5.0.8.RELEASE.jar;E:\localRepository\org\xmlunit\xmlunit-core\2.5.1\xmlunit-core-2.5.1.jar;E:\localRepository\org\springframework\spring-context-support\5.0.8.RELEASE\spring-context-support-5.0.8.RELEASE.jar;E:\localRepository\org\springframework\spring-beans\5.0.8.RELEASE\spring-beans-5.0.8.RELEASE.jar;E:\localRepository\org\springframework\spring-context\5.0.8.RELEASE\spring-context-5.0.8.RELEASE.jar;E:\localRepository\org\springframework\spring-aop\5.0.8.RELEASE\spring-aop-5.0.8.RELEASE.jar;E:\localRepository\org\springframework\spring-expression\5.0.8.RELEASE\spring-expression-5.0.8.RELEASE.jar;E:\localRepository\org\projectlombok\lombok\1.18.4\lombok-1.18.4.jar;E:\localRepository\org\ljq\ljq-common\1.0\ljq-common-1.0.jar;E:\localRepository\org\springframework\boot\spring-boot-starter-web\2.0.4.RELEASE\spring-boot-starter-web-2.0.4.RELEASE.jar;E:\localRepository\org\springframework\boot\spring-boot-starter-json\2.0.4.RELEASE\spring-boot-starter-json-2.0.4.RELEASE.jar;E:\localRepository\com\fasterxml\jackson\datatype\jackson-datatype-jdk8\2.9.6\jackson-datatype-jdk8-2.9.6.jar;E:\localRepository\com\fasterxml\jackson\module\jackson-module-parameter-names\2.9.6\jackson-module-parameter-names-2.9.6.jar;E:\localRepository\org\hibernate\validator\hibernate-validator\6.0.11.Final\hibernate-validator-6.0.11.Final.jar;E:\localRepository\javax\validation\validation-api\2.0.1.Final\validation-api-2.0.1.Final.jar;E:\localRepository\org\jboss\logging\jboss-logging\3.3.2.Final\jboss-logging-3.3.2.Final.jar;E:\localRepository\org\springframework\spring-webmvc\5.0.8.RELEASE\spring-webmvc-5.0.8.RELEASE.jar;E:\localRepository\org\springframework\boot\spring-boot-starter-aop\2.0.4.RELEASE\spring-boot-starter-aop-2.0.4.RELEASE.jar;E:\localRepository\com\baomidou\mybatis-plus\2.3\mybatis-plus-2.3.jar;E:\localRepository\com\baomidou\mybatis-plus-support\2.3\mybatis-plus-support-2.3.jar;E:\localRepository\com\baomidou\mybatis-plus-core\2.3\mybatis-plus-core-2.3.jar;E:\localRepository\com\github\jsqlparser\jsqlparser\1.1\jsqlparser-1.1.jar;E:\localRepository\org\mybatis\mybatis-spring\1.3.2\mybatis-spring-1.3.2.jar;E:\localRepository\org\mybatis\mybatis\3.4.6\mybatis-3.4.6.jar;E:\localRepository\com\baomidou\mybatis-plus-generate\2.3\mybatis-plus-generate-2.3.jar;E:\localRepository\io\jsonwebtoken\jjwt\0.7.0\jjwt-0.7.0.jar;E:\localRepository\com\fasterxml\classmate\1.3.4\classmate-1.3.4.jar;E:\localRepository\org\mapstruct\mapstruct-jdk8\1.2.0.Final\mapstruct-jdk8-1.2.0.Final.jar;E:\localRepository\com\alibaba\fastjson\1.2.47\fastjson-1.2.47.jar;E:\localRepository\commons-lang\commons-lang\2.4\commons-lang-2.4.jar;E:\localRepository\commons-io\commons-io\2.4\commons-io-2.4.jar;E:\localRepository\org\springframework\boot\spring-boot-starter-data-redis\2.0.4.RELEASE\spring-boot-starter-data-redis-2.0.4.RELEASE.jar;E:\localRepository\org\springframework\data\spring-data-redis\2.0.9.RELEASE\spring-data-redis-2.0.9.RELEASE.jar;E:\localRepository\org\springframework\data\spring-data-keyvalue\2.0.9.RELEASE\spring-data-keyvalue-2.0.9.RELEASE.jar;E:\localRepository\org\springframework\data\spring-data-commons\2.0.9.RELEASE\spring-data-commons-2.0.9.RELEASE.jar;E:\localRepository\org\springframework\spring-tx\5.0.8.RELEASE\spring-tx-5.0.8.RELEASE.jar;E:\localRepository\org\springframework\spring-oxm\5.0.8.RELEASE\spring-oxm-5.0.8.RELEASE.jar;E:\localRepository\io\lettuce\lettuce-core\5.0.4.RELEASE\lettuce-core-5.0.4.RELEASE.jar;E:\localRepository\io\projectreactor\reactor-core\3.1.8.RELEASE\reactor-core-3.1.8.RELEASE.jar;E:\localRepository\io\netty\netty-common\4.1.27.Final\netty-common-4.1.27.Final.jar;E:\localRepository\io\netty\netty-transport\4.1.27.Final\netty-transport-4.1.27.Final.jar;E:\localRepository\io\netty\netty-resolver\4.1.27.Final\netty-resolver-4.1.27.Final.jar;E:\localRepository\io\netty\netty-handler\4.1.27.Final\netty-handler-4.1.27.Final.jar;E:\localRepository\org\codehaus\jackson\jackson-jaxrs\1.9.13\jackson-jaxrs-1.9.13.jar;E:\localRepository\org\codehaus\jackson\jackson-smile\1.9.13\jackson-smile-1.9.13.jar;E:\localRepository\org\codehaus\jackson\jackson-core-asl\1.9.13\jackson-core-asl-1.9.13.jar;E:\localRepository\org\codehaus\jackson\jackson-mapper-asl\1.9.13\jackson-mapper-asl-1.9.13.jar;E:\localRepository\com\fasterxml\jackson\core\jackson-databind\2.9.6\jackson-databind-2.9.6.jar;E:\localRepository\org\apache\httpcomponents\httpclient\4.5.6\httpclient-4.5.6.jar;E:\localRepository\org\apache\httpcomponents\httpcore\4.4.10\httpcore-4.4.10.jar;E:\localRepository\commons-codec\commons-codec\1.11\commons-codec-1.11.jar;E:\localRepository\redis\clients\jedis\2.9.0\jedis-2.9.0.jar;E:\localRepository\org\apache\commons\commons-pool2\2.5.0\commons-pool2-2.5.0.jar;"/>
    <property name="java.vm.vendor" value="Oracle Corporation"/>
    <property name="sun.arch.data.model" value="32"/>
    <property name="user.variant" value=""/>
    <property name="java.vendor.url" value="http://java.oracle.com/"/>
    <property name="user.timezone" value=""/>
    <property name="java.vm.specification.version" value="1.8"/>
    <property name="os.name" value="Windows 10"/>
    <property name="user.country" value="CN"/>
    <property name="sun.java.launcher" value="SUN_STANDARD"/>
    <property name="sun.boot.library.path" value="E:\huanjing\jdk1.8\jre\bin"/>
    <property name="sun.java.command" value="C:\Users\AIERXUAN\AppData\Local\Temp\surefire2385978570541013816\surefirebooter4020384857768772070.jar C:\Users\AIERXUAN\AppData\Local\Temp\surefire2385978570541013816 2019-11-09T22-52-24_812-jvmRun1 surefire7003881366911968508tmp surefire_04855448214037817255tmp"/>
    <property name="surefire.test.class.path" value="E:\eclipseWork\weixin\wenxin\fuwuB\target\test-classes;E:\eclipseWork\weixin\wenxin\fuwuB\target\classes;E:\localRepository\org\springframework\boot\spring-boot-devtools\2.0.4.RELEASE\spring-boot-devtools-2.0.4.RELEASE.jar;E:\localRepository\org\springframework\boot\spring-boot\2.0.4.RELEASE\spring-boot-2.0.4.RELEASE.jar;E:\localRepository\org\springframework\boot\spring-boot-autoconfigure\2.0.4.RELEASE\spring-boot-autoconfigure-2.0.4.RELEASE.jar;E:\localRepository\junit\junit\3.8.1\junit-3.8.1.jar;E:\localRepository\org\springframework\boot\spring-boot-starter-tomcat\2.0.4.RELEASE\spring-boot-starter-tomcat-2.0.4.RELEASE.jar;E:\localRepository\javax\annotation\javax.annotation-api\1.3.2\javax.annotation-api-1.3.2.jar;E:\localRepository\org\apache\tomcat\embed\tomcat-embed-core\8.5.32\tomcat-embed-core-8.5.32.jar;E:\localRepository\org\apache\tomcat\embed\tomcat-embed-el\8.5.32\tomcat-embed-el-8.5.32.jar;E:\localRepository\org\apache\tomcat\embed\tomcat-embed-websocket\8.5.32\tomcat-embed-websocket-8.5.32.jar;E:\localRepository\org\springframework\cloud\spring-cloud-starter-netflix-eureka-client\2.0.1.RELEASE\spring-cloud-starter-netflix-eureka-client-2.0.1.RELEASE.jar;E:\localRepository\org\springframework\cloud\spring-cloud-starter\2.0.1.RELEASE\spring-cloud-starter-2.0.1.RELEASE.jar;E:\localRepository\org\springframework\cloud\spring-cloud-context\2.0.1.RELEASE\spring-cloud-context-2.0.1.RELEASE.jar;E:\localRepository\org\springframework\security\spring-security-rsa\1.0.5.RELEASE\spring-security-rsa-1.0.5.RELEASE.jar;E:\localRepository\org\bouncycastle\bcpkix-jdk15on\1.56\bcpkix-jdk15on-1.56.jar;E:\localRepository\org\bouncycastle\bcprov-jdk15on\1.56\bcprov-jdk15on-1.56.jar;E:\localRepository\org\springframework\cloud\spring-cloud-netflix-core\2.0.1.RELEASE\spring-cloud-netflix-core-2.0.1.RELEASE.jar;E:\localRepository\org\springframework\cloud\spring-cloud-netflix-eureka-client\2.0.1.RELEASE\spring-cloud-netflix-eureka-client-2.0.1.RELEASE.jar;E:\localRepository\com\netflix\eureka\eureka-client\1.9.3\eureka-client-1.9.3.jar;E:\localRepository\org\codehaus\jettison\jettison\1.3.7\jettison-1.3.7.jar;E:\localRepository\stax\stax-api\1.0.1\stax-api-1.0.1.jar;E:\localRepository\com\netflix\netflix-commons\netflix-eventbus\0.3.0\netflix-eventbus-0.3.0.jar;E:\localRepository\com\netflix\netflix-commons\netflix-infix\0.3.0\netflix-infix-0.3.0.jar;E:\localRepository\commons-jxpath\commons-jxpath\1.3\commons-jxpath-1.3.jar;E:\localRepository\joda-time\joda-time\2.9.9\joda-time-2.9.9.jar;E:\localRepository\org\antlr\antlr-runtime\3.4\antlr-runtime-3.4.jar;E:\localRepository\org\antlr\stringtemplate\3.2.1\stringtemplate-3.2.1.jar;E:\localRepository\antlr\antlr\2.7.7\antlr-2.7.7.jar;E:\localRepository\com\google\code\gson\gson\2.8.5\gson-2.8.5.jar;E:\localRepository\org\apache\commons\commons-math\2.2\commons-math-2.2.jar;E:\localRepository\com\netflix\archaius\archaius-core\0.7.6\archaius-core-0.7.6.jar;E:\localRepository\javax\ws\rs\jsr311-api\1.1.1\jsr311-api-1.1.1.jar;E:\localRepository\com\netflix\servo\servo-core\0.12.21\servo-core-0.12.21.jar;E:\localRepository\com\sun\jersey\jersey-core\1.19.1\jersey-core-1.19.1.jar;E:\localRepository\com\sun\jersey\jersey-client\1.19.1\jersey-client-1.19.1.jar;E:\localRepository\com\sun\jersey\contribs\jersey-apache-client4\1.19.1\jersey-apache-client4-1.19.1.jar;E:\localRepository\com\google\inject\guice\4.1.0\guice-4.1.0.jar;E:\localRepository\aopalliance\aopalliance\1.0\aopalliance-1.0.jar;E:\localRepository\com\github\vlsi\compactmap\compactmap\1.2.1\compactmap-1.2.1.jar;E:\localRepository\com\github\andrewoma\dexx\dexx-collections\0.2\dexx-collections-0.2.jar;E:\localRepository\com\fasterxml\jackson\core\jackson-annotations\2.9.0\jackson-annotations-2.9.0.jar;E:\localRepository\com\fasterxml\jackson\core\jackson-core\2.9.6\jackson-core-2.9.6.jar;E:\localRepository\com\netflix\eureka\eureka-core\1.9.3\eureka-core-1.9.3.jar;E:\localRepository\org\codehaus\woodstox\woodstox-core-asl\4.4.1\woodstox-core-asl-4.4.1.jar;E:\localRepository\javax\xml\stream\stax-api\1.0-2\stax-api-1.0-2.jar;E:\localRepository\org\codehaus\woodstox\stax2-api\3.1.4\stax2-api-3.1.4.jar;E:\localRepository\org\springframework\cloud\spring-cloud-starter-netflix-archaius\2.0.1.RELEASE\spring-cloud-starter-netflix-archaius-2.0.1.RELEASE.jar;E:\localRepository\org\springframework\cloud\spring-cloud-netflix-archaius\2.0.1.RELEASE\spring-cloud-netflix-archaius-2.0.1.RELEASE.jar;E:\localRepository\commons-configuration\commons-configuration\1.8\commons-configuration-1.8.jar;E:\localRepository\com\netflix\ribbon\ribbon-eureka\2.2.5\ribbon-eureka-2.2.5.jar;E:\localRepository\org\slf4j\slf4j-api\1.7.25\slf4j-api-1.7.25.jar;E:\localRepository\com\thoughtworks\xstream\xstream\1.4.10\xstream-1.4.10.jar;E:\localRepository\xmlpull\xmlpull\1.1.3.1\xmlpull-1.1.3.1.jar;E:\localRepository\xpp3\xpp3_min\1.1.4c\xpp3_min-1.1.4c.jar;E:\localRepository\org\springframework\boot\spring-boot-starter-actuator\2.0.4.RELEASE\spring-boot-starter-actuator-2.0.4.RELEASE.jar;E:\localRepository\org\springframework\boot\spring-boot-starter\2.0.4.RELEASE\spring-boot-starter-2.0.4.RELEASE.jar;E:\localRepository\org\springframework\boot\spring-boot-starter-logging\2.0.4.RELEASE\spring-boot-starter-logging-2.0.4.RELEASE.jar;E:\localRepository\ch\qos\logback\logback-classic\1.2.3\logback-classic-1.2.3.jar;E:\localRepository\ch\qos\logback\logback-core\1.2.3\logback-core-1.2.3.jar;E:\localRepository\org\apache\logging\log4j\log4j-to-slf4j\2.10.0\log4j-to-slf4j-2.10.0.jar;E:\localRepository\org\apache\logging\log4j\log4j-api\2.10.0\log4j-api-2.10.0.jar;E:\localRepository\org\slf4j\jul-to-slf4j\1.7.25\jul-to-slf4j-1.7.25.jar;E:\localRepository\org\yaml\snakeyaml\1.19\snakeyaml-1.19.jar;E:\localRepository\org\springframework\boot\spring-boot-actuator-autoconfigure\2.0.4.RELEASE\spring-boot-actuator-autoconfigure-2.0.4.RELEASE.jar;E:\localRepository\org\springframework\boot\spring-boot-actuator\2.0.4.RELEASE\spring-boot-actuator-2.0.4.RELEASE.jar;E:\localRepository\com\fasterxml\jackson\datatype\jackson-datatype-jsr310\2.9.6\jackson-datatype-jsr310-2.9.6.jar;E:\localRepository\io\micrometer\micrometer-core\1.0.6\micrometer-core-1.0.6.jar;E:\localRepository\org\hdrhistogram\HdrHistogram\2.1.10\HdrHistogram-2.1.10.jar;E:\localRepository\org\latencyutils\LatencyUtils\2.0.3\LatencyUtils-2.0.3.jar;E:\localRepository\org\springframework\cloud\spring-cloud-starter-netflix-ribbon\2.0.1.RELEASE\spring-cloud-starter-netflix-ribbon-2.0.1.RELEASE.jar;E:\localRepository\org\springframework\cloud\spring-cloud-netflix-ribbon\2.0.1.RELEASE\spring-cloud-netflix-ribbon-2.0.1.RELEASE.jar;E:\localRepository\com\netflix\ribbon\ribbon\2.2.5\ribbon-2.2.5.jar;E:\localRepository\com\netflix\ribbon\ribbon-transport\2.2.5\ribbon-transport-2.2.5.jar;E:\localRepository\io\reactivex\rxnetty-contexts\0.4.9\rxnetty-contexts-0.4.9.jar;E:\localRepository\io\reactivex\rxnetty-servo\0.4.9\rxnetty-servo-0.4.9.jar;E:\localRepository\javax\inject\javax.inject\1\javax.inject-1.jar;E:\localRepository\io\reactivex\rxnetty\0.4.9\rxnetty-0.4.9.jar;E:\localRepository\io\netty\netty-codec-http\4.1.27.Final\netty-codec-http-4.1.27.Final.jar;E:\localRepository\io\netty\netty-codec\4.1.27.Final\netty-codec-4.1.27.Final.jar;E:\localRepository\io\netty\netty-transport-native-epoll\4.1.27.Final\netty-transport-native-epoll-4.1.27.Final.jar;E:\localRepository\io\netty\netty-buffer\4.1.27.Final\netty-buffer-4.1.27.Final.jar;E:\localRepository\io\netty\netty-transport-native-unix-common\4.1.27.Final\netty-transport-native-unix-common-4.1.27.Final.jar;E:\localRepository\com\google\guava\guava\16.0.1\guava-16.0.1.jar;E:\localRepository\com\netflix\ribbon\ribbon-core\2.2.5\ribbon-core-2.2.5.jar;E:\localRepository\com\netflix\ribbon\ribbon-httpclient\2.2.5\ribbon-httpclient-2.2.5.jar;E:\localRepository\commons-collections\commons-collections\3.2.2\commons-collections-3.2.2.jar;E:\localRepository\com\netflix\netflix-commons\netflix-commons-util\0.3.0\netflix-commons-util-0.3.0.jar;E:\localRepository\com\netflix\ribbon\ribbon-loadbalancer\2.2.5\ribbon-loadbalancer-2.2.5.jar;E:\localRepository\com\netflix\netflix-commons\netflix-statistics\0.1.1\netflix-statistics-0.1.1.jar;E:\localRepository\io\reactivex\rxjava\1.3.8\rxjava-1.3.8.jar;E:\localRepository\org\springframework\cloud\spring-cloud-starter-netflix-hystrix\2.0.1.RELEASE\spring-cloud-starter-netflix-hystrix-2.0.1.RELEASE.jar;E:\localRepository\com\netflix\hystrix\hystrix-core\1.5.12\hystrix-core-1.5.12.jar;E:\localRepository\com\netflix\hystrix\hystrix-serialization\1.5.12\hystrix-serialization-1.5.12.jar;E:\localRepository\com\fasterxml\jackson\module\jackson-module-afterburner\2.9.6\jackson-module-afterburner-2.9.6.jar;E:\localRepository\com\netflix\hystrix\hystrix-metrics-event-stream\1.5.12\hystrix-metrics-event-stream-1.5.12.jar;E:\localRepository\com\netflix\hystrix\hystrix-javanica\1.5.12\hystrix-javanica-1.5.12.jar;E:\localRepository\org\apache\commons\commons-lang3\3.7\commons-lang3-3.7.jar;E:\localRepository\org\ow2\asm\asm\5.0.4\asm-5.0.4.jar;E:\localRepository\org\aspectj\aspectjweaver\1.8.13\aspectjweaver-1.8.13.jar;E:\localRepository\io\reactivex\rxjava-reactive-streams\1.2.1\rxjava-reactive-streams-1.2.1.jar;E:\localRepository\org\reactivestreams\reactive-streams\1.0.2\reactive-streams-1.0.2.jar;E:\localRepository\org\springframework\cloud\spring-cloud-starter-openfeign\2.0.1.RELEASE\spring-cloud-starter-openfeign-2.0.1.RELEASE.jar;E:\localRepository\org\springframework\cloud\spring-cloud-openfeign-core\2.0.1.RELEASE\spring-cloud-openfeign-core-2.0.1.RELEASE.jar;E:\localRepository\org\springframework\spring-web\5.0.8.RELEASE\spring-web-5.0.8.RELEASE.jar;E:\localRepository\org\springframework\cloud\spring-cloud-commons\2.0.1.RELEASE\spring-cloud-commons-2.0.1.RELEASE.jar;E:\localRepository\org\springframework\security\spring-security-crypto\5.0.7.RELEASE\spring-security-crypto-5.0.7.RELEASE.jar;E:\localRepository\io\github\openfeign\feign-core\9.5.1\feign-core-9.5.1.jar;E:\localRepository\io\github\openfeign\feign-slf4j\9.5.1\feign-slf4j-9.5.1.jar;E:\localRepository\io\github\openfeign\feign-hystrix\9.5.1\feign-hystrix-9.5.1.jar;E:\localRepository\io\github\openfeign\feign-java8\9.5.1\feign-java8-9.5.1.jar;E:\localRepository\org\springframework\boot\spring-boot-starter-test\2.0.4.RELEASE\spring-boot-starter-test-2.0.4.RELEASE.jar;E:\localRepository\org\springframework\boot\spring-boot-test\2.0.4.RELEASE\spring-boot-test-2.0.4.RELEASE.jar;E:\localRepository\org\springframework\boot\spring-boot-test-autoconfigure\2.0.4.RELEASE\spring-boot-test-autoconfigure-2.0.4.RELEASE.jar;E:\localRepository\com\jayway\jsonpath\json-path\2.4.0\json-path-2.4.0.jar;E:\localRepository\net\minidev\json-smart\2.3\json-smart-2.3.jar;E:\localRepository\net\minidev\accessors-smart\1.2\accessors-smart-1.2.jar;E:\localRepository\org\assertj\assertj-core\3.9.1\assertj-core-3.9.1.jar;E:\localRepository\org\mockito\mockito-core\2.15.0\mockito-core-2.15.0.jar;E:\localRepository\net\bytebuddy\byte-buddy\1.7.11\byte-buddy-1.7.11.jar;E:\localRepository\net\bytebuddy\byte-buddy-agent\1.7.11\byte-buddy-agent-1.7.11.jar;E:\localRepository\org\objenesis\objenesis\2.6\objenesis-2.6.jar;E:\localRepository\org\hamcrest\hamcrest-core\1.3\hamcrest-core-1.3.jar;E:\localRepository\org\hamcrest\hamcrest-library\1.3\hamcrest-library-1.3.jar;E:\localRepository\org\skyscreamer\jsonassert\1.5.0\jsonassert-1.5.0.jar;E:\localRepository\com\vaadin\external\google\android-json\0.0.20131108.vaadin1\android-json-0.0.20131108.vaadin1.jar;E:\localRepository\org\springframework\spring-core\5.0.8.RELEASE\spring-core-5.0.8.RELEASE.jar;E:\localRepository\org\springframework\spring-jcl\5.0.8.RELEASE\spring-jcl-5.0.8.RELEASE.jar;E:\localRepository\org\springframework\spring-test\5.0.8.RELEASE\spring-test-5.0.8.RELEASE.jar;E:\localRepository\org\xmlunit\xmlunit-core\2.5.1\xmlunit-core-2.5.1.jar;E:\localRepository\org\springframework\spring-context-support\5.0.8.RELEASE\spring-context-support-5.0.8.RELEASE.jar;E:\localRepository\org\springframework\spring-beans\5.0.8.RELEASE\spring-beans-5.0.8.RELEASE.jar;E:\localRepository\org\springframework\spring-context\5.0.8.RELEASE\spring-context-5.0.8.RELEASE.jar;E:\localRepository\org\springframework\spring-aop\5.0.8.RELEASE\spring-aop-5.0.8.RELEASE.jar;E:\localRepository\org\springframework\spring-expression\5.0.8.RELEASE\spring-expression-5.0.8.RELEASE.jar;E:\localRepository\org\projectlombok\lombok\1.18.4\lombok-1.18.4.jar;E:\localRepository\org\ljq\ljq-common\1.0\ljq-common-1.0.jar;E:\localRepository\org\springframework\boot\spring-boot-starter-web\2.0.4.RELEASE\spring-boot-starter-web-2.0.4.RELEASE.jar;E:\localRepository\org\springframework\boot\spring-boot-starter-json\2.0.4.RELEASE\spring-boot-starter-json-2.0.4.RELEASE.jar;E:\localRepository\com\fasterxml\jackson\datatype\jackson-datatype-jdk8\2.9.6\jackson-datatype-jdk8-2.9.6.jar;E:\localRepository\com\fasterxml\jackson\module\jackson-module-parameter-names\2.9.6\jackson-module-parameter-names-2.9.6.jar;E:\localRepository\org\hibernate\validator\hibernate-validator\6.0.11.Final\hibernate-validator-6.0.11.Final.jar;E:\localRepository\javax\validation\validation-api\2.0.1.Final\validation-api-2.0.1.Final.jar;E:\localRepository\org\jboss\logging\jboss-logging\3.3.2.Final\jboss-logging-3.3.2.Final.jar;E:\localRepository\org\springframework\spring-webmvc\5.0.8.RELEASE\spring-webmvc-5.0.8.RELEASE.jar;E:\localRepository\org\springframework\boot\spring-boot-starter-aop\2.0.4.RELEASE\spring-boot-starter-aop-2.0.4.RELEASE.jar;E:\localRepository\com\baomidou\mybatis-plus\2.3\mybatis-plus-2.3.jar;E:\localRepository\com\baomidou\mybatis-plus-support\2.3\mybatis-plus-support-2.3.jar;E:\localRepository\com\baomidou\mybatis-plus-core\2.3\mybatis-plus-core-2.3.jar;E:\localRepository\com\github\jsqlparser\jsqlparser\1.1\jsqlparser-1.1.jar;E:\localRepository\org\mybatis\mybatis-spring\1.3.2\mybatis-spring-1.3.2.jar;E:\localRepository\org\mybatis\mybatis\3.4.6\mybatis-3.4.6.jar;E:\localRepository\com\baomidou\mybatis-plus-generate\2.3\mybatis-plus-generate-2.3.jar;E:\localRepository\io\jsonwebtoken\jjwt\0.7.0\jjwt-0.7.0.jar;E:\localRepository\com\fasterxml\classmate\1.3.4\classmate-1.3.4.jar;E:\localRepository\org\mapstruct\mapstruct-jdk8\1.2.0.Final\mapstruct-jdk8-1.2.0.Final.jar;E:\localRepository\com\alibaba\fastjson\1.2.47\fastjson-1.2.47.jar;E:\localRepository\commons-lang\commons-lang\2.4\commons-lang-2.4.jar;E:\localRepository\commons-io\commons-io\2.4\commons-io-2.4.jar;E:\localRepository\org\springframework\boot\spring-boot-starter-data-redis\2.0.4.RELEASE\spring-boot-starter-data-redis-2.0.4.RELEASE.jar;E:\localRepository\org\springframework\data\spring-data-redis\2.0.9.RELEASE\spring-data-redis-2.0.9.RELEASE.jar;E:\localRepository\org\springframework\data\spring-data-keyvalue\2.0.9.RELEASE\spring-data-keyvalue-2.0.9.RELEASE.jar;E:\localRepository\org\springframework\data\spring-data-commons\2.0.9.RELEASE\spring-data-commons-2.0.9.RELEASE.jar;E:\localRepository\org\springframework\spring-tx\5.0.8.RELEASE\spring-tx-5.0.8.RELEASE.jar;E:\localRepository\org\springframework\spring-oxm\5.0.8.RELEASE\spring-oxm-5.0.8.RELEASE.jar;E:\localRepository\io\lettuce\lettuce-core\5.0.4.RELEASE\lettuce-core-5.0.4.RELEASE.jar;E:\localRepository\io\projectreactor\reactor-core\3.1.8.RELEASE\reactor-core-3.1.8.RELEASE.jar;E:\localRepository\io\netty\netty-common\4.1.27.Final\netty-common-4.1.27.Final.jar;E:\localRepository\io\netty\netty-transport\4.1.27.Final\netty-transport-4.1.27.Final.jar;E:\localRepository\io\netty\netty-resolver\4.1.27.Final\netty-resolver-4.1.27.Final.jar;E:\localRepository\io\netty\netty-handler\4.1.27.Final\netty-handler-4.1.27.Final.jar;E:\localRepository\org\codehaus\jackson\jackson-jaxrs\1.9.13\jackson-jaxrs-1.9.13.jar;E:\localRepository\org\codehaus\jackson\jackson-smile\1.9.13\jackson-smile-1.9.13.jar;E:\localRepository\org\codehaus\jackson\jackson-core-asl\1.9.13\jackson-core-asl-1.9.13.jar;E:\localRepository\org\codehaus\jackson\jackson-mapper-asl\1.9.13\jackson-mapper-asl-1.9.13.jar;E:\localRepository\com\fasterxml\jackson\core\jackson-databind\2.9.6\jackson-databind-2.9.6.jar;E:\localRepository\org\apache\httpcomponents\httpclient\4.5.6\httpclient-4.5.6.jar;E:\localRepository\org\apache\httpcomponents\httpcore\4.4.10\httpcore-4.4.10.jar;E:\localRepository\commons-codec\commons-codec\1.11\commons-codec-1.11.jar;E:\localRepository\redis\clients\jedis\2.9.0\jedis-2.9.0.jar;E:\localRepository\org\apache\commons\commons-pool2\2.5.0\commons-pool2-2.5.0.jar;"/>
    <property name="sun.cpu.endian" value="little"/>
    <property name="user.home" value="C:\Users\AIERXUAN"/>
    <property name="user.language" value="zh"/>
    <property name="java.specification.vendor" value="Oracle Corporation"/>
    <property name="java.home" value="E:\huanjing\jdk1.8\jre"/>
    <property name="basedir" value="E:\eclipseWork\weixin\wenxin\fuwuB"/>
    <property name="file.separator" value="\"/>
    <property name="line.separator" value="&#10;"/>
    <property name="java.vm.specification.vendor" value="Oracle Corporation"/>
    <property name="java.specification.name" value="Java Platform API Specification"/>
    <property name="java.awt.graphicsenv" value="sun.awt.Win32GraphicsEnvironment"/>
    <property name="surefire.real.class.path" value="C:\Users\AIERXUAN\AppData\Local\Temp\surefire2385978570541013816\surefirebooter4020384857768772070.jar"/>
    <property name="sun.boot.class.path" value="E:\huanjing\jdk1.8\jre\lib\resources.jar;E:\huanjing\jdk1.8\jre\lib\rt.jar;E:\huanjing\jdk1.8\jre\lib\sunrsasign.jar;E:\huanjing\jdk1.8\jre\lib\jsse.jar;E:\huanjing\jdk1.8\jre\lib\jce.jar;E:\huanjing\jdk1.8\jre\lib\charsets.jar;E:\huanjing\jdk1.8\jre\lib\jfr.jar;E:\huanjing\jdk1.8\jre\classes"/>
    <property name="user.script" value=""/>
    <property name="sun.management.compiler" value="HotSpot Client Compiler"/>
    <property name="java.runtime.version" value="1.8.0_144-b01"/>
    <property name="user.name" value="AIERXUAN"/>
    <property name="path.separator" value=";"/>
    <property name="os.version" value="10.0"/>
    <property name="java.endorsed.dirs" value="E:\huanjing\jdk1.8\jre\lib\endorsed"/>
    <property name="java.runtime.name" value="Java(TM) SE Runtime Environment"/>
    <property name="file.encoding" value="GBK"/>
    <property name="java.vm.name" value="Java HotSpot(TM) Client VM"/>
    <property name="localRepository" value="E:\localRepository"/>
    <property name="java.vendor.url.bug" value="http://bugreport.sun.com/bugreport/"/>
    <property name="java.io.tmpdir" value="C:\Users\AIERXUAN\AppData\Local\Temp\"/>
    <property name="java.version" value="1.8.0_144"/>
    <property name="user.dir" value="E:\eclipseWork\weixin\wenxin\fuwuB"/>
    <property name="os.arch" value="x86"/>
    <property name="java.vm.specification.name" value="Java Virtual Machine Specification"/>
    <property name="java.awt.printerjob" value="sun.awt.windows.WPrinterJob"/>
    <property name="sun.os.patch.level" value=""/>
    <property name="java.library.path" value="E:\huanjing\jdk1.8\jre\bin;C:\WINDOWS\Sun\Java\bin;C:\WINDOWS\system32;C:\WINDOWS;E:/huanjing/64jre1.8/bin/server;E:/huanjing/64jre1.8/bin;E:/huanjing/64jre1.8/lib/amd64;E:\oracle12\bin;C:\Program Files (x86)\Common Files\Oracle\Java\javapath;E:\python\Scripts\;E:\python\;C:\ProgramData\Oracle\Java\javapath;C:\Program Files (x86)\Intel\iCLS Client\;C:\Program Files\Intel\iCLS Client\;C:\Windows\system32;C:\Windows;C:\Windows\System32\Wbem;C:\Windows\System32\WindowsPowerShell\v1.0\;C:\Program Files (x86)\Intel\Intel(R) Management Engine Components\DAL;C:\Program Files\Intel\Intel(R) Management Engine Components\DAL;C:\Program Files (x86)\Intel\Intel(R) Management Engine Components\IPT;C:\Program Files\Intel\Intel(R) Management Engine Components\IPT;C:\Program Files (x86)\NVIDIA Corporation\PhysX\Common;C:\Program Files\Intel\WiFi\bin\;C:\Program Files\Common Files\Intel\WirelessCommon\;C:\Program Files\MySQL\MySQL Utilities 1.6\;E:\part_java\apache-maven-3.5.3\bin;C:\WINDOWS\system32;C:\WINDOWS;C:\WINDOWS\System32\Wbem;C:\WINDOWS\System32\WindowsPowerShell\v1.0\;C:\Program Files\MySQL\MySQL Server 5.7\bin;E:\github\Git\cmd;E:\part_java\apache-tomcat-8.5.35\bin;E:\part_java\apache-tomcat-8.5.35\lib;E:\huanjing\64jdk1.8\bin;E:\part_java\apache-tomcat-8.5.35\common\lib\servlet.jar;E:\erlang\erl10.0.1\bin;E:\rabitMq\rabbitmq_server-3.7.9\sbin;E:\nodejs;%ORACLE_HOME%\bin;;E:\ultraedit64wpjb;C:\Users\AIERXUAN\AppData\Local\Microsoft\WindowsApps;C:\Program Files\Intel\WiFi\bin\;C:\Program Files\Common Files\Intel\WirelessCommon\;C:\Users\AIERXUAN\AppData\Local\GitHubDesktop\bin;E:\part_java\apache-tomcat-8.5.35\common\lib\servlet.jar;C:\Users\AIERXUAN\AppData\Roaming\npm;C:\Users\AIERXUAN\Desktop;;."/>
    <property name="java.vm.info" value="mixed mode"/>
    <property name="java.vendor" value="Oracle Corporation"/>
    <property name="java.vm.version" value="25.144-b01"/>
    <property name="java.ext.dirs" value="E:\huanjing\jdk1.8\jre\lib\ext;C:\WINDOWS\Sun\Java\lib\ext"/>
    <property name="sun.io.unicode.encoding" value="UnicodeLittle"/>
    <property name="java.class.version" value="52.0"/>
  </properties>
  <testcase name="testApp" classname="org.fuwuB.AppTest" time="0.002"/>
</testsuite>